<?xml version="1.0" encoding="UTF-8"?>
<testng-results ignored="0" total="1" passed="1" failed="0" skipped="0">
  <reporter-output>
  </reporter-output>
  <suite started-at="2021-06-15T23:27:22 CDT" name="EOD_Site_Security" finished-at="2021-06-15T23:27:32 CDT" duration-ms="10159">
    <groups>
    </groups>
    <test started-at="2021-06-15T23:27:22 CDT" name="chrometest" finished-at="2021-06-15T23:27:32 CDT" duration-ms="10159">
      <class name="com.EOD.testCases.TC_Validate_Securelinks_001">
        <test-method is-config="true" signature="setup(java.lang.String)[pri:0, instance:com.EOD.testCases.TC_Validate_Securelinks_001@62e6b5c8]" started-at="2021-06-15T23:27:22 CDT" name="setup" finished-at="2021-06-15T23:27:24 CDT" duration-ms="2022" status="PASS">
          <params>
            <param index="0">
              <value>
                <![CDATA[chrome]]>
              </value>
            </param>
          </params>
          <reporter-output>
          </reporter-output>
        </test-method> <!-- setup -->
        <test-method signature="SecureLink_validation()[pri:0, instance:com.EOD.testCases.TC_Validate_Securelinks_001@62e6b5c8]" started-at="2021-06-15T23:27:24 CDT" name="SecureLink_validation" finished-at="2021-06-15T23:27:32 CDT" duration-ms="7438" status="PASS">
          <reporter-output>
          </reporter-output>
        </test-method> <!-- SecureLink_validation -->
        <test-method is-config="true" signature="tearDown()[pri:0, instance:com.EOD.testCases.TC_Validate_Securelinks_001@62e6b5c8]" started-at="2021-06-15T23:27:32 CDT" name="tearDown" finished-at="2021-06-15T23:27:32 CDT" duration-ms="666" status="PASS">
          <reporter-output>
          </reporter-output>
        </test-method> <!-- tearDown -->
      </class> <!-- com.EOD.testCases.TC_Validate_Securelinks_001 -->
    </test> <!-- chrometest -->
  </suite> <!-- EOD_Site_Security -->
</testng-results>
